<?xml version="1.0" encoding="UTF-8"?>
<testng-results skipped="0" failed="0" ignored="0" total="3" passed="3">
  <reporter-output>
  </reporter-output>
  <suite name="Default suite" duration-ms="70" started-at="2022-10-28T05:16:58Z" finished-at="2022-10-28T05:16:58Z">
    <groups>
    </groups>
    <test name="Default test" duration-ms="70" started-at="2022-10-28T05:16:58Z" finished-at="2022-10-28T05:16:58Z">
      <class name="org.testng.Sample">
        <test-method status="PASS" signature="before()[pri:0, instance:org.testng.Sample@3632be31]" name="before" is-config="true" duration-ms="17" started-at="2022-10-28T05:16:58Z" finished-at="2022-10-28T05:16:58Z">
          <reporter-output>
          </reporter-output>
        </test-method> <!-- before -->
        <test-method status="PASS" signature="beforetime()[pri:0, instance:org.testng.Sample@3632be31]" name="beforetime" is-config="true" duration-ms="18" started-at="2022-10-28T05:16:58Z" finished-at="2022-10-28T05:16:58Z">
          <reporter-output>
          </reporter-output>
        </test-method> <!-- beforetime -->
        <test-method status="PASS" signature="tc1()[pri:0, instance:org.testng.Sample@3632be31]" name="tc1" duration-ms="6" started-at="2022-10-28T05:16:58Z" finished-at="2022-10-28T05:16:58Z">
          <reporter-output>
          </reporter-output>
        </test-method> <!-- tc1 -->
        <test-method status="PASS" signature="enddate()[pri:0, instance:org.testng.Sample@3632be31]" name="enddate" is-config="true" duration-ms="0" started-at="2022-10-28T05:16:58Z" finished-at="2022-10-28T05:16:58Z">
          <reporter-output>
          </reporter-output>
        </test-method> <!-- enddate -->
        <test-method status="PASS" signature="tc2()[pri:0, instance:org.testng.Sample@3632be31]" name="tc2" duration-ms="1" started-at="2022-10-28T05:16:58Z" finished-at="2022-10-28T05:16:58Z">
          <reporter-output>
          </reporter-output>
        </test-method> <!-- tc2 -->
        <test-method status="PASS" signature="beforetime()[pri:0, instance:org.testng.Sample@3632be31]" name="beforetime" is-config="true" duration-ms="0" started-at="2022-10-28T05:16:58Z" finished-at="2022-10-28T05:16:58Z">
          <reporter-output>
          </reporter-output>
        </test-method> <!-- beforetime -->
        <test-method status="PASS" signature="beforetime()[pri:0, instance:org.testng.Sample@3632be31]" name="beforetime" is-config="true" duration-ms="1" started-at="2022-10-28T05:16:58Z" finished-at="2022-10-28T05:16:58Z">
          <reporter-output>
          </reporter-output>
        </test-method> <!-- beforetime -->
        <test-method status="PASS" signature="enddate()[pri:0, instance:org.testng.Sample@3632be31]" name="enddate" is-config="true" duration-ms="0" started-at="2022-10-28T05:16:58Z" finished-at="2022-10-28T05:16:58Z">
          <reporter-output>
          </reporter-output>
        </test-method> <!-- enddate -->
        <test-method status="PASS" signature="tc3()[pri:0, instance:org.testng.Sample@3632be31]" name="tc3" duration-ms="1" started-at="2022-10-28T05:16:58Z" finished-at="2022-10-28T05:16:58Z">
          <reporter-output>
          </reporter-output>
        </test-method> <!-- tc3 -->
        <test-method status="PASS" signature="enddate()[pri:0, instance:org.testng.Sample@3632be31]" name="enddate" is-config="true" duration-ms="1" started-at="2022-10-28T05:16:58Z" finished-at="2022-10-28T05:16:58Z">
          <reporter-output>
          </reporter-output>
        </test-method> <!-- enddate -->
        <test-method status="PASS" signature="after()[pri:0, instance:org.testng.Sample@3632be31]" name="after" is-config="true" duration-ms="0" started-at="2022-10-28T05:16:58Z" finished-at="2022-10-28T05:16:58Z">
          <reporter-output>
          </reporter-output>
        </test-method> <!-- after -->
      </class> <!-- org.testng.Sample -->
    </test> <!-- Default test -->
  </suite> <!-- Default suite -->
</testng-results>
